<?xml version="1.0" encoding="UTF-8"?>
<testsuite xmlns:xsi="http://www.w3.org/2001/XMLSchema-instance" xsi:noNamespaceSchemaLocation="https://maven.apache.org/surefire/maven-surefire-plugin/xsd/surefire-test-report-3.0.xsd" version="3.0" name="com.sanapplications.goridebackend.GoRideBackendApplicationTests" time="9.361" tests="1" errors="0" skipped="0" failures="0">
  <properties>
[...]
</properties>
  <testcase name="contextLoads" classname="com.sanapplications.goridebackend.GoRideBackendApplicationTests" time="0.551">
    <system-out><![CDATA[00:59:55.020 [main] INFO org.springframework.test.context.support.AnnotationConfigContextLoaderUtils -- Could not detect default configuration classes for test class [com.sanapplications.goridebackend.GoRideBackendApplicationTests]: GoRideBackendApplicationTests does not declare any static, non-private, non-final, nested classes annotated with @Configuration.
00:59:55.161 [main] INFO org.springframework.boot.test.context.SpringBootTestContextBootstrapper -- Found @SpringBootConfiguration com.sanapplications.goridebackend.GoRideBackendApplication for test class com.sanapplications.goridebackend.GoRideBackendApplicationTests

  .   ____          _            __ _ _
 /\\ / ___'_ __ _ _(_)_ __  __ _ \ \ \ \
( ( )\___ | '_ | '_| | '_ \/ _` | \ \ \ \
 \\/  ___)| |_)| | | | | || (_| |  ) ) ) )
  '  |____| .__|_| |_|_| |_\__, | / / / /
 =========|_|==============|___/=/_/_/_/
 :: Spring Boot ::                (v3.2.3)

2024-07-08T00:59:55.757+05:30  INFO 13712 --- [           main] c.s.g.GoRideBackendApplicationTests      : Starting GoRideBackendApplicationTests using Java 17.0.8 with PID 13712 (started by DELL in c:\Users\DELL\Documents\go_ride_backend)
2024-07-08T00:59:55.760+05:30  INFO 13712 --- [           main] c.s.g.GoRideBackendApplicationTests      : No active profile set, falling back to 1 default profile: "default"
2024-07-08T00:59:56.828+05:30  INFO 13712 --- [           main] .s.d.r.c.RepositoryConfigurationDelegate : Bootstrapping Spring Data JPA repositories in DEFAULT mode.
2024-07-08T00:59:56.910+05:30  INFO 13712 --- [           main] .s.d.r.c.RepositoryConfigurationDelegate : Finished Spring Data repository scanning in 71 ms. Found 4 JPA repository interfaces.
2024-07-08T00:59:57.694+05:30  INFO 13712 --- [           main] o.hibernate.jpa.internal.util.LogHelper  : HHH000204: Processing PersistenceUnitInfo [name: default]
2024-07-08T00:59:57.811+05:30  INFO 13712 --- [           main] org.hibernate.Version                    : HHH000412: Hibernate ORM core version 6.4.4.Final
2024-07-08T00:59:57.858+05:30  INFO 13712 --- [           main] o.h.c.internal.RegionFactoryInitiator    : HHH000026: Second-level cache disabled
2024-07-08T00:59:58.269+05:30  INFO 13712 --- [           main] o.s.o.j.p.SpringPersistenceUnitInfo      : No LoadTimeWeaver setup: ignoring JPA class transformer
2024-07-08T00:59:58.312+05:30  INFO 13712 --- [           main] com.zaxxer.hikari.HikariDataSource       : HikariPool-1 - Starting...
2024-07-08T00:59:59.821+05:30  INFO 13712 --- [           main] com.zaxxer.hikari.pool.HikariPool        : HikariPool-1 - Added connection org.postgresql.jdbc.PgConnection@ff03361
2024-07-08T00:59:59.823+05:30  INFO 13712 --- [           main] com.zaxxer.hikari.HikariDataSource       : HikariPool-1 - Start completed.
2024-07-08T00:59:59.900+05:30  WARN 13712 --- [           main] org.hibernate.orm.deprecation            : HHH90000025: PostgreSQLDialect does not need to be specified explicitly using 'hibernate.dialect' (remove the property setting and it will be selected by default)
2024-07-08T01:00:01.124+05:30  INFO 13712 --- [           main] o.h.e.t.j.p.i.JtaPlatformInitiator       : HHH000489: No JTA platform available (set 'hibernate.transaction.jta.platform' to enable JTA platform integration)
2024-07-08T01:00:01.338+05:30  INFO 13712 --- [           main] j.LocalContainerEntityManagerFactoryBean : Initialized JPA EntityManagerFactory for persistence unit 'default'
2024-07-08T01:00:02.003+05:30  WARN 13712 --- [           main] JpaBaseConfiguration$JpaWebConfiguration : spring.jpa.open-in-view is enabled by default. Therefore, database queries may be performed during view rendering. Explicitly configure spring.jpa.open-in-view to disable this warning
2024-07-08T01:00:02.052+05:30  WARN 13712 --- [           main] .s.s.UserDetailsServiceAutoConfiguration : 

Using generated security password: 46a58d3d-0c42-4797-80bd-a2edc16a608e

This generated password is for development use only. Your security configuration must be updated before running your application in production.

2024-07-08T01:00:02.590+05:30  INFO 13712 --- [           main] o.s.s.web.DefaultSecurityFilterChain     : Will secure any request with [org.springframework.security.web.session.DisableEncodeUrlFilter@c7d173f, org.springframework.security.web.context.request.async.WebAsyncManagerIntegrationFilter@12f12744, org.springframework.security.web.context.SecurityContextHolderFilter@2aeb3f3b, org.springframework.security.web.header.HeaderWriterFilter@3d67e3d3, org.springframework.web.filter.CorsFilter@1c618295, org.springframework.security.web.authentication.logout.LogoutFilter@5058fefb, org.springframework.security.web.authentication.www.BasicAuthenticationFilter@7e4c0bc7, org.springframework.security.web.savedrequest.RequestCacheAwareFilter@46ef7340, org.springframework.security.web.servletapi.SecurityContextHolderAwareRequestFilter@75caecf7, org.springframework.security.web.authentication.AnonymousAuthenticationFilter@344acc03, org.springframework.security.web.access.ExceptionTranslationFilter@30cb489a, org.springframework.security.web.access.intercept.AuthorizationFilter@7dc9b41a]
2024-07-08T01:00:03.037+05:30  INFO 13712 --- [           main] c.s.g.GoRideBackendApplicationTests      : Started GoRideBackendApplicationTests in 7.661 seconds (process running for 8.873)
Hibernate: 
    select
        count(*) 
    from
        settings sm1_0
]]></system-out>
  </testcase>
</testsuite>